<html>
<head>
<title>TestNG:  EmployeesRestApiTest</title>
<link href="../testng.css" rel="stylesheet" type="text/css" />
<link href="../my-testng.css" rel="stylesheet" type="text/css" />

<style type="text/css">
.log { display: none;} 
.stack-trace { display: none;} 
</style>
<script type="text/javascript">
<!--
function flip(e) {
  current = e.style.display;
  if (current == 'block') {
    e.style.display = 'none';
    return 0;
  }
  else {
    e.style.display = 'block';
    return 1;
  }
}

function toggleBox(szDivId, elem, msg1, msg2)
{
  var res = -1;  if (document.getElementById) {
    res = flip(document.getElementById(szDivId));
  }
  else if (document.all) {
    // this is the way old msie versions work
    res = flip(document.all[szDivId]);
  }
  if(elem) {
    if(res == 0) elem.innerHTML = msg1; else elem.innerHTML = msg2;
  }

}

function toggleAllBoxes() {
  if (document.getElementsByTagName) {
    d = document.getElementsByTagName('div');
    for (i = 0; i < d.length; i++) {
      if (d[i].className == 'log') {
        flip(d[i]);
      }
    }
  }
}

// -->
</script>

</head>
<body>
<h2 align='center'>EmployeesRestApiTest</h2><table border='1' align="center">
<tr>
<td>Tests passed/Failed/Skipped:</td><td>26/6/0</td>
</tr><tr>
<td>Started on:</td><td>Wed May 06 00:59:20 IST 2020</td>
</tr>
<tr><td>Total time:</td><td>21 seconds (21661 ms)</td>
</tr><tr>
<td>Included groups:</td><td></td>
</tr><tr>
<td>Excluded groups:</td><td></td>
</tr>
</table><p/>
<small><i>(Hover the method name to see the test class name)</i></small><p/>
<table width='100%' border='1' class='invocation-failed'>
<tr><td colspan='4' align='center'><b>FAILED TESTS</b></td></tr>
<tr><td><b>Test method</b></td>
<td width="30%"><b>Exception</b></td>
<td width="10%"><b>Time (seconds)</b></td>
<td><b>Instance</b></td>
</tr>
<tr>
<td title='com.sdetrestapi.employee.testCases.TC002_GET_SINGEL_EMPLOYEE.checkContentType()'><b>checkContentType</b><br>Test class: com.sdetrestapi.employee.testCases.TC002_GET_SINGEL_EMPLOYEE</td>
<td><div><pre>java.lang.AssertionError: expected [application/json;charset=utf-8] but found [text/html;charset=UTF-8]
	at com.sdetrestapi.employee.testCases.TC002_GET_SINGEL_EMPLOYEE.checkContentType(TC002_GET_SINGEL_EMPLOYEE.java:84)
	at java.util.ArrayList.forEach(ArrayList.java:1257)
... Removed 32 stack frames</pre></div><a href='#' onClick='toggleBox("stack-trace651235118", this, "Click to show all stack frames", "Click to hide stack frames")'>Click to show all stack frames</a>
<div class='stack-trace' id='stack-trace651235118'><pre>java.lang.AssertionError: expected [application/json;charset=utf-8] but found [text/html;charset=UTF-8]
	at org.testng.Assert.fail(Assert.java:97)
	at org.testng.Assert.assertEqualsImpl(Assert.java:136)
	at org.testng.Assert.assertEquals(Assert.java:118)
	at org.testng.Assert.assertEquals(Assert.java:575)
	at org.testng.Assert.assertEquals(Assert.java:585)
	at com.sdetrestapi.employee.testCases.TC002_GET_SINGEL_EMPLOYEE.checkContentType(TC002_GET_SINGEL_EMPLOYEE.java:84)
	at sun.reflect.NativeMethodAccessorImpl.invoke0(Native Method)
	at sun.reflect.NativeMethodAccessorImpl.invoke(NativeMethodAccessorImpl.java:62)
	at sun.reflect.DelegatingMethodAccessorImpl.invoke(DelegatingMethodAccessorImpl.java:43)
	at java.lang.reflect.Method.invoke(Method.java:498)
	at org.testng.internal.MethodInvocationHelper.invokeMethod(MethodInvocationHelper.java:134)
	at org.testng.internal.TestInvoker.invokeMethod(TestInvoker.java:597)
	at org.testng.internal.TestInvoker.invokeTestMethod(TestInvoker.java:173)
	at org.testng.internal.MethodRunner.runInSequence(MethodRunner.java:46)
	at org.testng.internal.TestInvoker$MethodInvocationAgent.invoke(TestInvoker.java:816)
	at org.testng.internal.TestInvoker.invokeTestMethods(TestInvoker.java:146)
	at org.testng.internal.TestMethodWorker.invokeTestMethods(TestMethodWorker.java:146)
	at org.testng.internal.TestMethodWorker.run(TestMethodWorker.java:128)
	at java.util.ArrayList.forEach(ArrayList.java:1257)
	at org.testng.TestRunner.privateRun(TestRunner.java:766)
	at org.testng.TestRunner.run(TestRunner.java:587)
	at org.testng.SuiteRunner.runTest(SuiteRunner.java:384)
	at org.testng.SuiteRunner.runSequentially(SuiteRunner.java:378)
	at org.testng.SuiteRunner.privateRun(SuiteRunner.java:337)
	at org.testng.SuiteRunner.run(SuiteRunner.java:286)
	at org.testng.SuiteRunnerWorker.runSuite(SuiteRunnerWorker.java:53)
	at org.testng.SuiteRunnerWorker.run(SuiteRunnerWorker.java:96)
	at org.testng.TestNG.runSuitesSequentially(TestNG.java:1187)
	at org.testng.TestNG.runSuitesLocally(TestNG.java:1109)
	at org.testng.TestNG.runSuites(TestNG.java:1039)
	at org.testng.TestNG.run(TestNG.java:1007)
	at org.testng.remote.AbstractRemoteTestNG.run(AbstractRemoteTestNG.java:115)
	at org.testng.remote.RemoteTestNG.initAndRun(RemoteTestNG.java:251)
	at org.testng.remote.RemoteTestNG.main(RemoteTestNG.java:77)
</pre></div></td>
<td>0</td>
<td>com.sdetrestapi.employee.testCases.TC002_GET_SINGEL_EMPLOYEE@11438d26</td></tr>
<tr>
<td title='com.sdetrestapi.employee.testCases.TC004_PUT_EMPLOYEE_RECORD.checkResponseBody()'><b>checkResponseBody</b><br>Test class: com.sdetrestapi.employee.testCases.TC004_PUT_EMPLOYEE_RECORD</td>
<td><div><pre>java.lang.AssertionError: expected [true] but found [false]
	at com.sdetrestapi.employee.testCases.TC004_PUT_EMPLOYEE_RECORD.checkResponseBody(TC004_PUT_EMPLOYEE_RECORD.java:59)
	at java.util.ArrayList.forEach(ArrayList.java:1257)
... Removed 32 stack frames</pre></div><a href='#' onClick='toggleBox("stack-trace29774113", this, "Click to show all stack frames", "Click to hide stack frames")'>Click to show all stack frames</a>
<div class='stack-trace' id='stack-trace29774113'><pre>java.lang.AssertionError: expected [true] but found [false]
	at org.testng.Assert.fail(Assert.java:97)
	at org.testng.Assert.assertEqualsImpl(Assert.java:136)
	at org.testng.Assert.assertEquals(Assert.java:118)
	at org.testng.Assert.assertEquals(Assert.java:751)
	at org.testng.Assert.assertEquals(Assert.java:761)
	at com.sdetrestapi.employee.testCases.TC004_PUT_EMPLOYEE_RECORD.checkResponseBody(TC004_PUT_EMPLOYEE_RECORD.java:59)
	at sun.reflect.NativeMethodAccessorImpl.invoke0(Native Method)
	at sun.reflect.NativeMethodAccessorImpl.invoke(NativeMethodAccessorImpl.java:62)
	at sun.reflect.DelegatingMethodAccessorImpl.invoke(DelegatingMethodAccessorImpl.java:43)
	at java.lang.reflect.Method.invoke(Method.java:498)
	at org.testng.internal.MethodInvocationHelper.invokeMethod(MethodInvocationHelper.java:134)
	at org.testng.internal.TestInvoker.invokeMethod(TestInvoker.java:597)
	at org.testng.internal.TestInvoker.invokeTestMethod(TestInvoker.java:173)
	at org.testng.internal.MethodRunner.runInSequence(MethodRunner.java:46)
	at org.testng.internal.TestInvoker$MethodInvocationAgent.invoke(TestInvoker.java:816)
	at org.testng.internal.TestInvoker.invokeTestMethods(TestInvoker.java:146)
	at org.testng.internal.TestMethodWorker.invokeTestMethods(TestMethodWorker.java:146)
	at org.testng.internal.TestMethodWorker.run(TestMethodWorker.java:128)
	at java.util.ArrayList.forEach(ArrayList.java:1257)
	at org.testng.TestRunner.privateRun(TestRunner.java:766)
	at org.testng.TestRunner.run(TestRunner.java:587)
	at org.testng.SuiteRunner.runTest(SuiteRunner.java:384)
	at org.testng.SuiteRunner.runSequentially(SuiteRunner.java:378)
	at org.testng.SuiteRunner.privateRun(SuiteRunner.java:337)
	at org.testng.SuiteRunner.run(SuiteRunner.java:286)
	at org.testng.SuiteRunnerWorker.runSuite(SuiteRunnerWorker.java:53)
	at org.testng.SuiteRunnerWorker.run(SuiteRunnerWorker.java:96)
	at org.testng.TestNG.runSuitesSequentially(TestNG.java:1187)
	at org.testng.TestNG.runSuitesLocally(TestNG.java:1109)
	at org.testng.TestNG.runSuites(TestNG.java:1039)
	at org.testng.TestNG.run(TestNG.java:1007)
	at org.testng.remote.AbstractRemoteTestNG.run(AbstractRemoteTestNG.java:115)
	at org.testng.remote.RemoteTestNG.initAndRun(RemoteTestNG.java:251)
	at org.testng.remote.RemoteTestNG.main(RemoteTestNG.java:77)
</pre></div></td>
<td>0</td>
<td>com.sdetrestapi.employee.testCases.TC004_PUT_EMPLOYEE_RECORD@7a1ebcd8</td></tr>
<tr>
<td title='com.sdetrestapi.employee.testCases.TC005_DELETE_EMPLOYEE_RECORD.checkResponseBody()'><b>checkResponseBody</b><br>Test class: com.sdetrestapi.employee.testCases.TC005_DELETE_EMPLOYEE_RECORD</td>
<td><div><pre>java.lang.AssertionError: expected [true] but found [false]
	at com.sdetrestapi.employee.testCases.TC005_DELETE_EMPLOYEE_RECORD.checkResponseBody(TC005_DELETE_EMPLOYEE_RECORD.java:58)
	at java.util.ArrayList.forEach(ArrayList.java:1257)
... Removed 32 stack frames</pre></div><a href='#' onClick='toggleBox("stack-trace1844700236", this, "Click to show all stack frames", "Click to hide stack frames")'>Click to show all stack frames</a>
<div class='stack-trace' id='stack-trace1844700236'><pre>java.lang.AssertionError: expected [true] but found [false]
	at org.testng.Assert.fail(Assert.java:97)
	at org.testng.Assert.assertEqualsImpl(Assert.java:136)
	at org.testng.Assert.assertEquals(Assert.java:118)
	at org.testng.Assert.assertEquals(Assert.java:751)
	at org.testng.Assert.assertEquals(Assert.java:761)
	at com.sdetrestapi.employee.testCases.TC005_DELETE_EMPLOYEE_RECORD.checkResponseBody(TC005_DELETE_EMPLOYEE_RECORD.java:58)
	at sun.reflect.NativeMethodAccessorImpl.invoke0(Native Method)
	at sun.reflect.NativeMethodAccessorImpl.invoke(NativeMethodAccessorImpl.java:62)
	at sun.reflect.DelegatingMethodAccessorImpl.invoke(DelegatingMethodAccessorImpl.java:43)
	at java.lang.reflect.Method.invoke(Method.java:498)
	at org.testng.internal.MethodInvocationHelper.invokeMethod(MethodInvocationHelper.java:134)
	at org.testng.internal.TestInvoker.invokeMethod(TestInvoker.java:597)
	at org.testng.internal.TestInvoker.invokeTestMethod(TestInvoker.java:173)
	at org.testng.internal.MethodRunner.runInSequence(MethodRunner.java:46)
	at org.testng.internal.TestInvoker$MethodInvocationAgent.invoke(TestInvoker.java:816)
	at org.testng.internal.TestInvoker.invokeTestMethods(TestInvoker.java:146)
	at org.testng.internal.TestMethodWorker.invokeTestMethods(TestMethodWorker.java:146)
	at org.testng.internal.TestMethodWorker.run(TestMethodWorker.java:128)
	at java.util.ArrayList.forEach(ArrayList.java:1257)
	at org.testng.TestRunner.privateRun(TestRunner.java:766)
	at org.testng.TestRunner.run(TestRunner.java:587)
	at org.testng.SuiteRunner.runTest(SuiteRunner.java:384)
	at org.testng.SuiteRunner.runSequentially(SuiteRunner.java:378)
	at org.testng.SuiteRunner.privateRun(SuiteRunner.java:337)
	at org.testng.SuiteRunner.run(SuiteRunner.java:286)
	at org.testng.SuiteRunnerWorker.runSuite(SuiteRunnerWorker.java:53)
	at org.testng.SuiteRunnerWorker.run(SuiteRunnerWorker.java:96)
	at org.testng.TestNG.runSuitesSequentially(TestNG.java:1187)
	at org.testng.TestNG.runSuitesLocally(TestNG.java:1109)
	at org.testng.TestNG.runSuites(TestNG.java:1039)
	at org.testng.TestNG.run(TestNG.java:1007)
	at org.testng.remote.AbstractRemoteTestNG.run(AbstractRemoteTestNG.java:115)
	at org.testng.remote.RemoteTestNG.initAndRun(RemoteTestNG.java:251)
	at org.testng.remote.RemoteTestNG.main(RemoteTestNG.java:77)
</pre></div></td>
<td>0</td>
<td>com.sdetrestapi.employee.testCases.TC005_DELETE_EMPLOYEE_RECORD@5faeada1</td></tr>
<tr>
<td title='com.sdetrestapi.employee.testCases.TC002_GET_SINGEL_EMPLOYEE.checkStatusCode()'><b>checkStatusCode</b><br>Test class: com.sdetrestapi.employee.testCases.TC002_GET_SINGEL_EMPLOYEE</td>
<td><div><pre>java.lang.AssertionError: expected [200] but found [404]
	at com.sdetrestapi.employee.testCases.TC002_GET_SINGEL_EMPLOYEE.checkStatusCode(TC002_GET_SINGEL_EMPLOYEE.java:50)
	at java.util.ArrayList.forEach(ArrayList.java:1257)
... Removed 32 stack frames</pre></div><a href='#' onClick='toggleBox("stack-trace1048128739", this, "Click to show all stack frames", "Click to hide stack frames")'>Click to show all stack frames</a>
<div class='stack-trace' id='stack-trace1048128739'><pre>java.lang.AssertionError: expected [200] but found [404]
	at org.testng.Assert.fail(Assert.java:97)
	at org.testng.Assert.assertEqualsImpl(Assert.java:136)
	at org.testng.Assert.assertEquals(Assert.java:118)
	at org.testng.Assert.assertEquals(Assert.java:839)
	at org.testng.Assert.assertEquals(Assert.java:849)
	at com.sdetrestapi.employee.testCases.TC002_GET_SINGEL_EMPLOYEE.checkStatusCode(TC002_GET_SINGEL_EMPLOYEE.java:50)
	at sun.reflect.NativeMethodAccessorImpl.invoke0(Native Method)
	at sun.reflect.NativeMethodAccessorImpl.invoke(NativeMethodAccessorImpl.java:62)
	at sun.reflect.DelegatingMethodAccessorImpl.invoke(DelegatingMethodAccessorImpl.java:43)
	at java.lang.reflect.Method.invoke(Method.java:498)
	at org.testng.internal.MethodInvocationHelper.invokeMethod(MethodInvocationHelper.java:134)
	at org.testng.internal.TestInvoker.invokeMethod(TestInvoker.java:597)
	at org.testng.internal.TestInvoker.invokeTestMethod(TestInvoker.java:173)
	at org.testng.internal.MethodRunner.runInSequence(MethodRunner.java:46)
	at org.testng.internal.TestInvoker$MethodInvocationAgent.invoke(TestInvoker.java:816)
	at org.testng.internal.TestInvoker.invokeTestMethods(TestInvoker.java:146)
	at org.testng.internal.TestMethodWorker.invokeTestMethods(TestMethodWorker.java:146)
	at org.testng.internal.TestMethodWorker.run(TestMethodWorker.java:128)
	at java.util.ArrayList.forEach(ArrayList.java:1257)
	at org.testng.TestRunner.privateRun(TestRunner.java:766)
	at org.testng.TestRunner.run(TestRunner.java:587)
	at org.testng.SuiteRunner.runTest(SuiteRunner.java:384)
	at org.testng.SuiteRunner.runSequentially(SuiteRunner.java:378)
	at org.testng.SuiteRunner.privateRun(SuiteRunner.java:337)
	at org.testng.SuiteRunner.run(SuiteRunner.java:286)
	at org.testng.SuiteRunnerWorker.runSuite(SuiteRunnerWorker.java:53)
	at org.testng.SuiteRunnerWorker.run(SuiteRunnerWorker.java:96)
	at org.testng.TestNG.runSuitesSequentially(TestNG.java:1187)
	at org.testng.TestNG.runSuitesLocally(TestNG.java:1109)
	at org.testng.TestNG.runSuites(TestNG.java:1039)
	at org.testng.TestNG.run(TestNG.java:1007)
	at org.testng.remote.AbstractRemoteTestNG.run(AbstractRemoteTestNG.java:115)
	at org.testng.remote.RemoteTestNG.initAndRun(RemoteTestNG.java:251)
	at org.testng.remote.RemoteTestNG.main(RemoteTestNG.java:77)
</pre></div></td>
<td>0</td>
<td>com.sdetrestapi.employee.testCases.TC002_GET_SINGEL_EMPLOYEE@11438d26</td></tr>
<tr>
<td title='com.sdetrestapi.employee.testCases.TC002_GET_SINGEL_EMPLOYEE.checkcontentLenght()'><b>checkcontentLenght</b><br>Test class: com.sdetrestapi.employee.testCases.TC002_GET_SINGEL_EMPLOYEE</td>
<td><div><pre>java.lang.NumberFormatException: null
	at java.lang.Integer.parseInt(Integer.java:542)
	at java.lang.Integer.parseInt(Integer.java:615)
	at com.sdetrestapi.employee.testCases.TC002_GET_SINGEL_EMPLOYEE.checkcontentLenght(TC002_GET_SINGEL_EMPLOYEE.java:117)
	at java.util.ArrayList.forEach(ArrayList.java:1257)
... Removed 27 stack frames</pre></div><a href='#' onClick='toggleBox("stack-trace1266093632", this, "Click to show all stack frames", "Click to hide stack frames")'>Click to show all stack frames</a>
<div class='stack-trace' id='stack-trace1266093632'><pre>java.lang.NumberFormatException: null
	at java.lang.Integer.parseInt(Integer.java:542)
	at java.lang.Integer.parseInt(Integer.java:615)
	at com.sdetrestapi.employee.testCases.TC002_GET_SINGEL_EMPLOYEE.checkcontentLenght(TC002_GET_SINGEL_EMPLOYEE.java:117)
	at sun.reflect.NativeMethodAccessorImpl.invoke0(Native Method)
	at sun.reflect.NativeMethodAccessorImpl.invoke(NativeMethodAccessorImpl.java:62)
	at sun.reflect.DelegatingMethodAccessorImpl.invoke(DelegatingMethodAccessorImpl.java:43)
	at java.lang.reflect.Method.invoke(Method.java:498)
	at org.testng.internal.MethodInvocationHelper.invokeMethod(MethodInvocationHelper.java:134)
	at org.testng.internal.TestInvoker.invokeMethod(TestInvoker.java:597)
	at org.testng.internal.TestInvoker.invokeTestMethod(TestInvoker.java:173)
	at org.testng.internal.MethodRunner.runInSequence(MethodRunner.java:46)
	at org.testng.internal.TestInvoker$MethodInvocationAgent.invoke(TestInvoker.java:816)
	at org.testng.internal.TestInvoker.invokeTestMethods(TestInvoker.java:146)
	at org.testng.internal.TestMethodWorker.invokeTestMethods(TestMethodWorker.java:146)
	at org.testng.internal.TestMethodWorker.run(TestMethodWorker.java:128)
	at java.util.ArrayList.forEach(ArrayList.java:1257)
	at org.testng.TestRunner.privateRun(TestRunner.java:766)
	at org.testng.TestRunner.run(TestRunner.java:587)
	at org.testng.SuiteRunner.runTest(SuiteRunner.java:384)
	at org.testng.SuiteRunner.runSequentially(SuiteRunner.java:378)
	at org.testng.SuiteRunner.privateRun(SuiteRunner.java:337)
	at org.testng.SuiteRunner.run(SuiteRunner.java:286)
	at org.testng.SuiteRunnerWorker.runSuite(SuiteRunnerWorker.java:53)
	at org.testng.SuiteRunnerWorker.run(SuiteRunnerWorker.java:96)
	at org.testng.TestNG.runSuitesSequentially(TestNG.java:1187)
	at org.testng.TestNG.runSuitesLocally(TestNG.java:1109)
	at org.testng.TestNG.runSuites(TestNG.java:1039)
	at org.testng.TestNG.run(TestNG.java:1007)
	at org.testng.remote.AbstractRemoteTestNG.run(AbstractRemoteTestNG.java:115)
	at org.testng.remote.RemoteTestNG.initAndRun(RemoteTestNG.java:251)
	at org.testng.remote.RemoteTestNG.main(RemoteTestNG.java:77)
</pre></div></td>
<td>0</td>
<td>com.sdetrestapi.employee.testCases.TC002_GET_SINGEL_EMPLOYEE@11438d26</td></tr>
<tr>
<td title='com.sdetrestapi.employee.testCases.TC002_GET_SINGEL_EMPLOYEE.checkstatusLine()'><b>checkstatusLine</b><br>Test class: com.sdetrestapi.employee.testCases.TC002_GET_SINGEL_EMPLOYEE</td>
<td><div><pre>java.lang.AssertionError: expected [HTTP/1.1 200 OK] but found [HTTP/1.1 404 Not Found]
	at com.sdetrestapi.employee.testCases.TC002_GET_SINGEL_EMPLOYEE.checkstatusLine(TC002_GET_SINGEL_EMPLOYEE.java:72)
	at java.util.ArrayList.forEach(ArrayList.java:1257)
... Removed 32 stack frames</pre></div><a href='#' onClick='toggleBox("stack-trace426288284", this, "Click to show all stack frames", "Click to hide stack frames")'>Click to show all stack frames</a>
<div class='stack-trace' id='stack-trace426288284'><pre>java.lang.AssertionError: expected [HTTP/1.1 200 OK] but found [HTTP/1.1 404 Not Found]
	at org.testng.Assert.fail(Assert.java:97)
	at org.testng.Assert.assertEqualsImpl(Assert.java:136)
	at org.testng.Assert.assertEquals(Assert.java:118)
	at org.testng.Assert.assertEquals(Assert.java:575)
	at org.testng.Assert.assertEquals(Assert.java:585)
	at com.sdetrestapi.employee.testCases.TC002_GET_SINGEL_EMPLOYEE.checkstatusLine(TC002_GET_SINGEL_EMPLOYEE.java:72)
	at sun.reflect.NativeMethodAccessorImpl.invoke0(Native Method)
	at sun.reflect.NativeMethodAccessorImpl.invoke(NativeMethodAccessorImpl.java:62)
	at sun.reflect.DelegatingMethodAccessorImpl.invoke(DelegatingMethodAccessorImpl.java:43)
	at java.lang.reflect.Method.invoke(Method.java:498)
	at org.testng.internal.MethodInvocationHelper.invokeMethod(MethodInvocationHelper.java:134)
	at org.testng.internal.TestInvoker.invokeMethod(TestInvoker.java:597)
	at org.testng.internal.TestInvoker.invokeTestMethod(TestInvoker.java:173)
	at org.testng.internal.MethodRunner.runInSequence(MethodRunner.java:46)
	at org.testng.internal.TestInvoker$MethodInvocationAgent.invoke(TestInvoker.java:816)
	at org.testng.internal.TestInvoker.invokeTestMethods(TestInvoker.java:146)
	at org.testng.internal.TestMethodWorker.invokeTestMethods(TestMethodWorker.java:146)
	at org.testng.internal.TestMethodWorker.run(TestMethodWorker.java:128)
	at java.util.ArrayList.forEach(ArrayList.java:1257)
	at org.testng.TestRunner.privateRun(TestRunner.java:766)
	at org.testng.TestRunner.run(TestRunner.java:587)
	at org.testng.SuiteRunner.runTest(SuiteRunner.java:384)
	at org.testng.SuiteRunner.runSequentially(SuiteRunner.java:378)
	at org.testng.SuiteRunner.privateRun(SuiteRunner.java:337)
	at org.testng.SuiteRunner.run(SuiteRunner.java:286)
	at org.testng.SuiteRunnerWorker.runSuite(SuiteRunnerWorker.java:53)
	at org.testng.SuiteRunnerWorker.run(SuiteRunnerWorker.java:96)
	at org.testng.TestNG.runSuitesSequentially(TestNG.java:1187)
	at org.testng.TestNG.runSuitesLocally(TestNG.java:1109)
	at org.testng.TestNG.runSuites(TestNG.java:1039)
	at org.testng.TestNG.run(TestNG.java:1007)
	at org.testng.remote.AbstractRemoteTestNG.run(AbstractRemoteTestNG.java:115)
	at org.testng.remote.RemoteTestNG.initAndRun(RemoteTestNG.java:251)
	at org.testng.remote.RemoteTestNG.main(RemoteTestNG.java:77)
</pre></div></td>
<td>0</td>
<td>com.sdetrestapi.employee.testCases.TC002_GET_SINGEL_EMPLOYEE@11438d26</td></tr>
</table><p>
<table width='100%' border='1' class='invocation-passed'>
<tr><td colspan='4' align='center'><b>PASSED TESTS</b></td></tr>
<tr><td><b>Test method</b></td>
<td width="30%"><b>Exception</b></td>
<td width="10%"><b>Time (seconds)</b></td>
<td><b>Instance</b></td>
</tr>
<tr>
<td title='com.sdetrestapi.employee.testCases.TC001_GET_All_EMPLOYEEE.checkContentType()'><b>checkContentType</b><br>Test class: com.sdetrestapi.employee.testCases.TC001_GET_All_EMPLOYEEE</td>
<td></td>
<td>0</td>
<td>com.sdetrestapi.employee.testCases.TC001_GET_All_EMPLOYEEE@458c1321</td></tr>
<tr>
<td title='com.sdetrestapi.employee.testCases.TC003_POST_EMPLOYEE_RECORD.checkContentType()'><b>checkContentType</b><br>Test class: com.sdetrestapi.employee.testCases.TC003_POST_EMPLOYEE_RECORD</td>
<td></td>
<td>0</td>
<td>com.sdetrestapi.employee.testCases.TC003_POST_EMPLOYEE_RECORD@34cd072c</td></tr>
<tr>
<td title='com.sdetrestapi.employee.testCases.TC004_PUT_EMPLOYEE_RECORD.checkContentType()'><b>checkContentType</b><br>Test class: com.sdetrestapi.employee.testCases.TC004_PUT_EMPLOYEE_RECORD</td>
<td></td>
<td>0</td>
<td>com.sdetrestapi.employee.testCases.TC004_PUT_EMPLOYEE_RECORD@7a1ebcd8</td></tr>
<tr>
<td title='com.sdetrestapi.employee.testCases.TC005_DELETE_EMPLOYEE_RECORD.checkContentType()'><b>checkContentType</b><br>Test class: com.sdetrestapi.employee.testCases.TC005_DELETE_EMPLOYEE_RECORD</td>
<td></td>
<td>0</td>
<td>com.sdetrestapi.employee.testCases.TC005_DELETE_EMPLOYEE_RECORD@5faeada1</td></tr>
<tr>
<td title='com.sdetrestapi.employee.testCases.TC001_GET_All_EMPLOYEEE.checkCookies()'><b>checkCookies</b><br>Test class: com.sdetrestapi.employee.testCases.TC001_GET_All_EMPLOYEEE</td>
<td></td>
<td>0</td>
<td>com.sdetrestapi.employee.testCases.TC001_GET_All_EMPLOYEEE@458c1321</td></tr>
<tr>
<td title='com.sdetrestapi.employee.testCases.TC001_GET_All_EMPLOYEEE.checkResponseBody()'><b>checkResponseBody</b><br>Test class: com.sdetrestapi.employee.testCases.TC001_GET_All_EMPLOYEEE</td>
<td></td>
<td>0</td>
<td>com.sdetrestapi.employee.testCases.TC001_GET_All_EMPLOYEEE@458c1321</td></tr>
<tr>
<td title='com.sdetrestapi.employee.testCases.TC002_GET_SINGEL_EMPLOYEE.checkResponseBody()'><b>checkResponseBody</b><br>Test class: com.sdetrestapi.employee.testCases.TC002_GET_SINGEL_EMPLOYEE</td>
<td></td>
<td>0</td>
<td>com.sdetrestapi.employee.testCases.TC002_GET_SINGEL_EMPLOYEE@11438d26</td></tr>
<tr>
<td title='com.sdetrestapi.employee.testCases.TC003_POST_EMPLOYEE_RECORD.checkResponseBody()'><b>checkResponseBody</b><br>Test class: com.sdetrestapi.employee.testCases.TC003_POST_EMPLOYEE_RECORD</td>
<td></td>
<td>0</td>
<td>com.sdetrestapi.employee.testCases.TC003_POST_EMPLOYEE_RECORD@34cd072c</td></tr>
<tr>
<td title='com.sdetrestapi.employee.testCases.TC001_GET_All_EMPLOYEEE.checkResponseTime()'><b>checkResponseTime</b><br>Test class: com.sdetrestapi.employee.testCases.TC001_GET_All_EMPLOYEEE</td>
<td></td>
<td>0</td>
<td>com.sdetrestapi.employee.testCases.TC001_GET_All_EMPLOYEEE@458c1321</td></tr>
<tr>
<td title='com.sdetrestapi.employee.testCases.TC002_GET_SINGEL_EMPLOYEE.checkResponseTime()'><b>checkResponseTime</b><br>Test class: com.sdetrestapi.employee.testCases.TC002_GET_SINGEL_EMPLOYEE</td>
<td></td>
<td>0</td>
<td>com.sdetrestapi.employee.testCases.TC002_GET_SINGEL_EMPLOYEE@11438d26</td></tr>
<tr>
<td title='com.sdetrestapi.employee.testCases.TC001_GET_All_EMPLOYEEE.checkServerType()'><b>checkServerType</b><br>Test class: com.sdetrestapi.employee.testCases.TC001_GET_All_EMPLOYEEE</td>
<td></td>
<td>0</td>
<td>com.sdetrestapi.employee.testCases.TC001_GET_All_EMPLOYEEE@458c1321</td></tr>
<tr>
<td title='com.sdetrestapi.employee.testCases.TC002_GET_SINGEL_EMPLOYEE.checkServerType()'><b>checkServerType</b><br>Test class: com.sdetrestapi.employee.testCases.TC002_GET_SINGEL_EMPLOYEE</td>
<td></td>
<td>0</td>
<td>com.sdetrestapi.employee.testCases.TC002_GET_SINGEL_EMPLOYEE@11438d26</td></tr>
<tr>
<td title='com.sdetrestapi.employee.testCases.TC003_POST_EMPLOYEE_RECORD.checkServerType()'><b>checkServerType</b><br>Test class: com.sdetrestapi.employee.testCases.TC003_POST_EMPLOYEE_RECORD</td>
<td></td>
<td>0</td>
<td>com.sdetrestapi.employee.testCases.TC003_POST_EMPLOYEE_RECORD@34cd072c</td></tr>
<tr>
<td title='com.sdetrestapi.employee.testCases.TC004_PUT_EMPLOYEE_RECORD.checkServerType()'><b>checkServerType</b><br>Test class: com.sdetrestapi.employee.testCases.TC004_PUT_EMPLOYEE_RECORD</td>
<td></td>
<td>0</td>
<td>com.sdetrestapi.employee.testCases.TC004_PUT_EMPLOYEE_RECORD@7a1ebcd8</td></tr>
<tr>
<td title='com.sdetrestapi.employee.testCases.TC005_DELETE_EMPLOYEE_RECORD.checkServerType()'><b>checkServerType</b><br>Test class: com.sdetrestapi.employee.testCases.TC005_DELETE_EMPLOYEE_RECORD</td>
<td></td>
<td>0</td>
<td>com.sdetrestapi.employee.testCases.TC005_DELETE_EMPLOYEE_RECORD@5faeada1</td></tr>
<tr>
<td title='com.sdetrestapi.employee.testCases.TC001_GET_All_EMPLOYEEE.checkStatusCode()'><b>checkStatusCode</b><br>Test class: com.sdetrestapi.employee.testCases.TC001_GET_All_EMPLOYEEE</td>
<td></td>
<td>0</td>
<td>com.sdetrestapi.employee.testCases.TC001_GET_All_EMPLOYEEE@458c1321</td></tr>
<tr>
<td title='com.sdetrestapi.employee.testCases.TC003_POST_EMPLOYEE_RECORD.checkStatusCode()'><b>checkStatusCode</b><br>Test class: com.sdetrestapi.employee.testCases.TC003_POST_EMPLOYEE_RECORD</td>
<td></td>
<td>0</td>
<td>com.sdetrestapi.employee.testCases.TC003_POST_EMPLOYEE_RECORD@34cd072c</td></tr>
<tr>
<td title='com.sdetrestapi.employee.testCases.TC004_PUT_EMPLOYEE_RECORD.checkStatusCode()'><b>checkStatusCode</b><br>Test class: com.sdetrestapi.employee.testCases.TC004_PUT_EMPLOYEE_RECORD</td>
<td></td>
<td>0</td>
<td>com.sdetrestapi.employee.testCases.TC004_PUT_EMPLOYEE_RECORD@7a1ebcd8</td></tr>
<tr>
<td title='com.sdetrestapi.employee.testCases.TC005_DELETE_EMPLOYEE_RECORD.checkStatusCode()'><b>checkStatusCode</b><br>Test class: com.sdetrestapi.employee.testCases.TC005_DELETE_EMPLOYEE_RECORD</td>
<td></td>
<td>0</td>
<td>com.sdetrestapi.employee.testCases.TC005_DELETE_EMPLOYEE_RECORD@5faeada1</td></tr>
<tr>
<td title='com.sdetrestapi.employee.testCases.TC003_POST_EMPLOYEE_RECORD.checkStatusLine()'><b>checkStatusLine</b><br>Test class: com.sdetrestapi.employee.testCases.TC003_POST_EMPLOYEE_RECORD</td>
<td></td>
<td>0</td>
<td>com.sdetrestapi.employee.testCases.TC003_POST_EMPLOYEE_RECORD@34cd072c</td></tr>
<tr>
<td title='com.sdetrestapi.employee.testCases.TC004_PUT_EMPLOYEE_RECORD.checkStatusLine()'><b>checkStatusLine</b><br>Test class: com.sdetrestapi.employee.testCases.TC004_PUT_EMPLOYEE_RECORD</td>
<td></td>
<td>0</td>
<td>com.sdetrestapi.employee.testCases.TC004_PUT_EMPLOYEE_RECORD@7a1ebcd8</td></tr>
<tr>
<td title='com.sdetrestapi.employee.testCases.TC005_DELETE_EMPLOYEE_RECORD.checkStatusLine()'><b>checkStatusLine</b><br>Test class: com.sdetrestapi.employee.testCases.TC005_DELETE_EMPLOYEE_RECORD</td>
<td></td>
<td>0</td>
<td>com.sdetrestapi.employee.testCases.TC005_DELETE_EMPLOYEE_RECORD@5faeada1</td></tr>
<tr>
<td title='com.sdetrestapi.employee.testCases.TC001_GET_All_EMPLOYEEE.checkcontentEncoding()'><b>checkcontentEncoding</b><br>Test class: com.sdetrestapi.employee.testCases.TC001_GET_All_EMPLOYEEE</td>
<td></td>
<td>0</td>
<td>com.sdetrestapi.employee.testCases.TC001_GET_All_EMPLOYEEE@458c1321</td></tr>
<tr>
<td title='com.sdetrestapi.employee.testCases.TC002_GET_SINGEL_EMPLOYEE.checkcontentEncoding()'><b>checkcontentEncoding</b><br>Test class: com.sdetrestapi.employee.testCases.TC002_GET_SINGEL_EMPLOYEE</td>
<td></td>
<td>0</td>
<td>com.sdetrestapi.employee.testCases.TC002_GET_SINGEL_EMPLOYEE@11438d26</td></tr>
<tr>
<td title='com.sdetrestapi.employee.testCases.TC001_GET_All_EMPLOYEEE.checkcontentLenght()'><b>checkcontentLenght</b><br>Test class: com.sdetrestapi.employee.testCases.TC001_GET_All_EMPLOYEEE</td>
<td></td>
<td>0</td>
<td>com.sdetrestapi.employee.testCases.TC001_GET_All_EMPLOYEEE@458c1321</td></tr>
<tr>
<td title='com.sdetrestapi.employee.testCases.TC001_GET_All_EMPLOYEEE.checkstatusLine()'><b>checkstatusLine</b><br>Test class: com.sdetrestapi.employee.testCases.TC001_GET_All_EMPLOYEEE</td>
<td></td>
<td>0</td>
<td>com.sdetrestapi.employee.testCases.TC001_GET_All_EMPLOYEEE@458c1321</td></tr>
</table><p>
</body>
</html>