<?xml version="1.0" encoding="UTF-8"?>
<testng-results skipped="0" failed="6" ignored="0" total="32" passed="26">
  <reporter-output>
  </reporter-output>
  <suite name="restassuredtestsuite" duration-ms="21661" started-at="2020-05-06T00:59:20 IST" finished-at="2020-05-06T00:59:42 IST">
    <groups>
    </groups>
    <test name="EmployeesRestApiTest" duration-ms="21661" started-at="2020-05-06T00:59:20 IST" finished-at="2020-05-06T00:59:42 IST">
      <class name="com.sdetrestapi.employee.testCases.TC003_POST_EMPLOYEE_RECORD">
        <test-method status="PASS" signature="setup()[pri:0, instance:com.sdetrestapi.employee.testCases.TC003_POST_EMPLOYEE_RECORD@34cd072c]" name="setup" is-config="true" duration-ms="4" started-at="2020-05-06T00:59:27 IST" finished-at="2020-05-06T00:59:27 IST">
          <reporter-output>
          </reporter-output>
        </test-method> <!-- setup -->
        <test-method status="PASS" signature="createEmployee()[pri:0, instance:com.sdetrestapi.employee.testCases.TC003_POST_EMPLOYEE_RECORD@34cd072c]" name="createEmployee" is-config="true" duration-ms="6107" started-at="2020-05-06T00:59:27 IST" finished-at="2020-05-06T00:59:33 IST">
          <reporter-output>
          </reporter-output>
        </test-method> <!-- createEmployee -->
        <test-method status="PASS" signature="checkContentType()[pri:0, instance:com.sdetrestapi.employee.testCases.TC003_POST_EMPLOYEE_RECORD@34cd072c]" name="checkContentType" duration-ms="1" started-at="2020-05-06T00:59:33 IST" finished-at="2020-05-06T00:59:33 IST">
          <reporter-output>
          </reporter-output>
        </test-method> <!-- checkContentType -->
        <test-method status="PASS" signature="checkResponseBody()[pri:0, instance:com.sdetrestapi.employee.testCases.TC003_POST_EMPLOYEE_RECORD@34cd072c]" name="checkResponseBody" duration-ms="4" started-at="2020-05-06T00:59:33 IST" finished-at="2020-05-06T00:59:33 IST">
          <reporter-output>
          </reporter-output>
        </test-method> <!-- checkResponseBody -->
        <test-method status="PASS" signature="checkServerType()[pri:0, instance:com.sdetrestapi.employee.testCases.TC003_POST_EMPLOYEE_RECORD@34cd072c]" name="checkServerType" duration-ms="2" started-at="2020-05-06T00:59:33 IST" finished-at="2020-05-06T00:59:33 IST">
          <reporter-output>
          </reporter-output>
        </test-method> <!-- checkServerType -->
        <test-method status="PASS" signature="checkStatusCode()[pri:0, instance:com.sdetrestapi.employee.testCases.TC003_POST_EMPLOYEE_RECORD@34cd072c]" name="checkStatusCode" duration-ms="1" started-at="2020-05-06T00:59:33 IST" finished-at="2020-05-06T00:59:33 IST">
          <reporter-output>
          </reporter-output>
        </test-method> <!-- checkStatusCode -->
        <test-method status="PASS" signature="checkStatusLine()[pri:0, instance:com.sdetrestapi.employee.testCases.TC003_POST_EMPLOYEE_RECORD@34cd072c]" name="checkStatusLine" duration-ms="1" started-at="2020-05-06T00:59:33 IST" finished-at="2020-05-06T00:59:33 IST">
          <reporter-output>
          </reporter-output>
        </test-method> <!-- checkStatusLine -->
        <test-method status="PASS" signature="tearDown()[pri:0, instance:com.sdetrestapi.employee.testCases.TC003_POST_EMPLOYEE_RECORD@34cd072c]" name="tearDown" is-config="true" duration-ms="0" started-at="2020-05-06T00:59:33 IST" finished-at="2020-05-06T00:59:33 IST">
          <reporter-output>
          </reporter-output>
        </test-method> <!-- tearDown -->
      </class> <!-- com.sdetrestapi.employee.testCases.TC003_POST_EMPLOYEE_RECORD -->
      <class name="com.sdetrestapi.employee.testCases.TC002_GET_SINGEL_EMPLOYEE">
        <test-method status="PASS" signature="setup()[pri:0, instance:com.sdetrestapi.employee.testCases.TC002_GET_SINGEL_EMPLOYEE@11438d26]" name="setup" is-config="true" duration-ms="9" started-at="2020-05-06T00:59:26 IST" finished-at="2020-05-06T00:59:26 IST">
          <reporter-output>
          </reporter-output>
        </test-method> <!-- setup -->
        <test-method status="PASS" signature="getSingleEmployee()[pri:0, instance:com.sdetrestapi.employee.testCases.TC002_GET_SINGEL_EMPLOYEE@11438d26]" name="getSingleEmployee" is-config="true" duration-ms="970" started-at="2020-05-06T00:59:26 IST" finished-at="2020-05-06T00:59:27 IST">
          <reporter-output>
          </reporter-output>
        </test-method> <!-- getSingleEmployee -->
        <test-method status="FAIL" signature="checkContentType()[pri:0, instance:com.sdetrestapi.employee.testCases.TC002_GET_SINGEL_EMPLOYEE@11438d26]" name="checkContentType" duration-ms="3" started-at="2020-05-06T00:59:27 IST" finished-at="2020-05-06T00:59:27 IST">
          <exception class="java.lang.AssertionError">
            <message>
              <![CDATA[expected [application/json;charset=utf-8] but found [text/html;charset=UTF-8]]]>
            </message>
            <full-stacktrace>
              <![CDATA[java.lang.AssertionError: expected [application/json;charset=utf-8] but found [text/html;charset=UTF-8]
at org.testng.Assert.fail(Assert.java:97)
at org.testng.Assert.assertEqualsImpl(Assert.java:136)
at org.testng.Assert.assertEquals(Assert.java:118)
at org.testng.Assert.assertEquals(Assert.java:575)
at org.testng.Assert.assertEquals(Assert.java:585)
at com.sdetrestapi.employee.testCases.TC002_GET_SINGEL_EMPLOYEE.checkContentType(TC002_GET_SINGEL_EMPLOYEE.java:84)
at sun.reflect.NativeMethodAccessorImpl.invoke0(Native Method)
at sun.reflect.NativeMethodAccessorImpl.invoke(NativeMethodAccessorImpl.java:62)
at sun.reflect.DelegatingMethodAccessorImpl.invoke(DelegatingMethodAccessorImpl.java:43)
at java.lang.reflect.Method.invoke(Method.java:498)
at org.testng.internal.MethodInvocationHelper.invokeMethod(MethodInvocationHelper.java:134)
at org.testng.internal.TestInvoker.invokeMethod(TestInvoker.java:597)
at org.testng.internal.TestInvoker.invokeTestMethod(TestInvoker.java:173)
at org.testng.internal.MethodRunner.runInSequence(MethodRunner.java:46)
at org.testng.internal.TestInvoker$MethodInvocationAgent.invoke(TestInvoker.java:816)
at org.testng.internal.TestInvoker.invokeTestMethods(TestInvoker.java:146)
at org.testng.internal.TestMethodWorker.invokeTestMethods(TestMethodWorker.java:146)
at org.testng.internal.TestMethodWorker.run(TestMethodWorker.java:128)
at java.util.ArrayList.forEach(ArrayList.java:1257)
at org.testng.TestRunner.privateRun(TestRunner.java:766)
at org.testng.TestRunner.run(TestRunner.java:587)
at org.testng.SuiteRunner.runTest(SuiteRunner.java:384)
at org.testng.SuiteRunner.runSequentially(SuiteRunner.java:378)
at org.testng.SuiteRunner.privateRun(SuiteRunner.java:337)
at org.testng.SuiteRunner.run(SuiteRunner.java:286)
at org.testng.SuiteRunnerWorker.runSuite(SuiteRunnerWorker.java:53)
at org.testng.SuiteRunnerWorker.run(SuiteRunnerWorker.java:96)
at org.testng.TestNG.runSuitesSequentially(TestNG.java:1187)
at org.testng.TestNG.runSuitesLocally(TestNG.java:1109)
at org.testng.TestNG.runSuites(TestNG.java:1039)
at org.testng.TestNG.run(TestNG.java:1007)
at org.testng.remote.AbstractRemoteTestNG.run(AbstractRemoteTestNG.java:115)
at org.testng.remote.RemoteTestNG.initAndRun(RemoteTestNG.java:251)
at org.testng.remote.RemoteTestNG.main(RemoteTestNG.java:77)
]]>
            </full-stacktrace>
          </exception> <!-- java.lang.AssertionError -->
          <reporter-output>
          </reporter-output>
        </test-method> <!-- checkContentType -->
        <test-method status="PASS" signature="checkResponseBody()[pri:0, instance:com.sdetrestapi.employee.testCases.TC002_GET_SINGEL_EMPLOYEE@11438d26]" name="checkResponseBody" duration-ms="2" started-at="2020-05-06T00:59:27 IST" finished-at="2020-05-06T00:59:27 IST">
          <reporter-output>
          </reporter-output>
        </test-method> <!-- checkResponseBody -->
        <test-method status="PASS" signature="checkResponseTime()[pri:0, instance:com.sdetrestapi.employee.testCases.TC002_GET_SINGEL_EMPLOYEE@11438d26]" name="checkResponseTime" duration-ms="2" started-at="2020-05-06T00:59:27 IST" finished-at="2020-05-06T00:59:27 IST">
          <reporter-output>
          </reporter-output>
        </test-method> <!-- checkResponseTime -->
        <test-method status="PASS" signature="checkServerType()[pri:0, instance:com.sdetrestapi.employee.testCases.TC002_GET_SINGEL_EMPLOYEE@11438d26]" name="checkServerType" duration-ms="3" started-at="2020-05-06T00:59:27 IST" finished-at="2020-05-06T00:59:27 IST">
          <reporter-output>
          </reporter-output>
        </test-method> <!-- checkServerType -->
        <test-method status="FAIL" signature="checkStatusCode()[pri:0, instance:com.sdetrestapi.employee.testCases.TC002_GET_SINGEL_EMPLOYEE@11438d26]" name="checkStatusCode" duration-ms="1" started-at="2020-05-06T00:59:27 IST" finished-at="2020-05-06T00:59:27 IST">
          <exception class="java.lang.AssertionError">
            <message>
              <![CDATA[expected [200] but found [404]]]>
            </message>
            <full-stacktrace>
              <![CDATA[java.lang.AssertionError: expected [200] but found [404]
at org.testng.Assert.fail(Assert.java:97)
at org.testng.Assert.assertEqualsImpl(Assert.java:136)
at org.testng.Assert.assertEquals(Assert.java:118)
at org.testng.Assert.assertEquals(Assert.java:839)
at org.testng.Assert.assertEquals(Assert.java:849)
at com.sdetrestapi.employee.testCases.TC002_GET_SINGEL_EMPLOYEE.checkStatusCode(TC002_GET_SINGEL_EMPLOYEE.java:50)
at sun.reflect.NativeMethodAccessorImpl.invoke0(Native Method)
at sun.reflect.NativeMethodAccessorImpl.invoke(NativeMethodAccessorImpl.java:62)
at sun.reflect.DelegatingMethodAccessorImpl.invoke(DelegatingMethodAccessorImpl.java:43)
at java.lang.reflect.Method.invoke(Method.java:498)
at org.testng.internal.MethodInvocationHelper.invokeMethod(MethodInvocationHelper.java:134)
at org.testng.internal.TestInvoker.invokeMethod(TestInvoker.java:597)
at org.testng.internal.TestInvoker.invokeTestMethod(TestInvoker.java:173)
at org.testng.internal.MethodRunner.runInSequence(MethodRunner.java:46)
at org.testng.internal.TestInvoker$MethodInvocationAgent.invoke(TestInvoker.java:816)
at org.testng.internal.TestInvoker.invokeTestMethods(TestInvoker.java:146)
at org.testng.internal.TestMethodWorker.invokeTestMethods(TestMethodWorker.java:146)
at org.testng.internal.TestMethodWorker.run(TestMethodWorker.java:128)
at java.util.ArrayList.forEach(ArrayList.java:1257)
at org.testng.TestRunner.privateRun(TestRunner.java:766)
at org.testng.TestRunner.run(TestRunner.java:587)
at org.testng.SuiteRunner.runTest(SuiteRunner.java:384)
at org.testng.SuiteRunner.runSequentially(SuiteRunner.java:378)
at org.testng.SuiteRunner.privateRun(SuiteRunner.java:337)
at org.testng.SuiteRunner.run(SuiteRunner.java:286)
at org.testng.SuiteRunnerWorker.runSuite(SuiteRunnerWorker.java:53)
at org.testng.SuiteRunnerWorker.run(SuiteRunnerWorker.java:96)
at org.testng.TestNG.runSuitesSequentially(TestNG.java:1187)
at org.testng.TestNG.runSuitesLocally(TestNG.java:1109)
at org.testng.TestNG.runSuites(TestNG.java:1039)
at org.testng.TestNG.run(TestNG.java:1007)
at org.testng.remote.AbstractRemoteTestNG.run(AbstractRemoteTestNG.java:115)
at org.testng.remote.RemoteTestNG.initAndRun(RemoteTestNG.java:251)
at org.testng.remote.RemoteTestNG.main(RemoteTestNG.java:77)
]]>
            </full-stacktrace>
          </exception> <!-- java.lang.AssertionError -->
          <reporter-output>
          </reporter-output>
        </test-method> <!-- checkStatusCode -->
        <test-method status="PASS" signature="checkcontentEncoding()[pri:0, instance:com.sdetrestapi.employee.testCases.TC002_GET_SINGEL_EMPLOYEE@11438d26]" name="checkcontentEncoding" duration-ms="2" started-at="2020-05-06T00:59:27 IST" finished-at="2020-05-06T00:59:27 IST">
          <reporter-output>
          </reporter-output>
        </test-method> <!-- checkcontentEncoding -->
        <test-method status="FAIL" signature="checkcontentLenght()[pri:0, instance:com.sdetrestapi.employee.testCases.TC002_GET_SINGEL_EMPLOYEE@11438d26]" name="checkcontentLenght" duration-ms="2" started-at="2020-05-06T00:59:27 IST" finished-at="2020-05-06T00:59:27 IST">
          <exception class="java.lang.NumberFormatException">
            <message>
              <![CDATA[null]]>
            </message>
            <full-stacktrace>
              <![CDATA[java.lang.NumberFormatException: null
at java.lang.Integer.parseInt(Integer.java:542)
at java.lang.Integer.parseInt(Integer.java:615)
at com.sdetrestapi.employee.testCases.TC002_GET_SINGEL_EMPLOYEE.checkcontentLenght(TC002_GET_SINGEL_EMPLOYEE.java:117)
at sun.reflect.NativeMethodAccessorImpl.invoke0(Native Method)
at sun.reflect.NativeMethodAccessorImpl.invoke(NativeMethodAccessorImpl.java:62)
at sun.reflect.DelegatingMethodAccessorImpl.invoke(DelegatingMethodAccessorImpl.java:43)
at java.lang.reflect.Method.invoke(Method.java:498)
at org.testng.internal.MethodInvocationHelper.invokeMethod(MethodInvocationHelper.java:134)
at org.testng.internal.TestInvoker.invokeMethod(TestInvoker.java:597)
at org.testng.internal.TestInvoker.invokeTestMethod(TestInvoker.java:173)
at org.testng.internal.MethodRunner.runInSequence(MethodRunner.java:46)
at org.testng.internal.TestInvoker$MethodInvocationAgent.invoke(TestInvoker.java:816)
at org.testng.internal.TestInvoker.invokeTestMethods(TestInvoker.java:146)
at org.testng.internal.TestMethodWorker.invokeTestMethods(TestMethodWorker.java:146)
at org.testng.internal.TestMethodWorker.run(TestMethodWorker.java:128)
at java.util.ArrayList.forEach(ArrayList.java:1257)
at org.testng.TestRunner.privateRun(TestRunner.java:766)
at org.testng.TestRunner.run(TestRunner.java:587)
at org.testng.SuiteRunner.runTest(SuiteRunner.java:384)
at org.testng.SuiteRunner.runSequentially(SuiteRunner.java:378)
at org.testng.SuiteRunner.privateRun(SuiteRunner.java:337)
at org.testng.SuiteRunner.run(SuiteRunner.java:286)
at org.testng.SuiteRunnerWorker.runSuite(SuiteRunnerWorker.java:53)
at org.testng.SuiteRunnerWorker.run(SuiteRunnerWorker.java:96)
at org.testng.TestNG.runSuitesSequentially(TestNG.java:1187)
at org.testng.TestNG.runSuitesLocally(TestNG.java:1109)
at org.testng.TestNG.runSuites(TestNG.java:1039)
at org.testng.TestNG.run(TestNG.java:1007)
at org.testng.remote.AbstractRemoteTestNG.run(AbstractRemoteTestNG.java:115)
at org.testng.remote.RemoteTestNG.initAndRun(RemoteTestNG.java:251)
at org.testng.remote.RemoteTestNG.main(RemoteTestNG.java:77)
]]>
            </full-stacktrace>
          </exception> <!-- java.lang.NumberFormatException -->
          <reporter-output>
          </reporter-output>
        </test-method> <!-- checkcontentLenght -->
        <test-method status="FAIL" signature="checkstatusLine()[pri:0, instance:com.sdetrestapi.employee.testCases.TC002_GET_SINGEL_EMPLOYEE@11438d26]" name="checkstatusLine" duration-ms="1" started-at="2020-05-06T00:59:27 IST" finished-at="2020-05-06T00:59:27 IST">
          <exception class="java.lang.AssertionError">
            <message>
              <![CDATA[expected [HTTP/1.1 200 OK] but found [HTTP/1.1 404 Not Found]]]>
            </message>
            <full-stacktrace>
              <![CDATA[java.lang.AssertionError: expected [HTTP/1.1 200 OK] but found [HTTP/1.1 404 Not Found]
at org.testng.Assert.fail(Assert.java:97)
at org.testng.Assert.assertEqualsImpl(Assert.java:136)
at org.testng.Assert.assertEquals(Assert.java:118)
at org.testng.Assert.assertEquals(Assert.java:575)
at org.testng.Assert.assertEquals(Assert.java:585)
at com.sdetrestapi.employee.testCases.TC002_GET_SINGEL_EMPLOYEE.checkstatusLine(TC002_GET_SINGEL_EMPLOYEE.java:72)
at sun.reflect.NativeMethodAccessorImpl.invoke0(Native Method)
at sun.reflect.NativeMethodAccessorImpl.invoke(NativeMethodAccessorImpl.java:62)
at sun.reflect.DelegatingMethodAccessorImpl.invoke(DelegatingMethodAccessorImpl.java:43)
at java.lang.reflect.Method.invoke(Method.java:498)
at org.testng.internal.MethodInvocationHelper.invokeMethod(MethodInvocationHelper.java:134)
at org.testng.internal.TestInvoker.invokeMethod(TestInvoker.java:597)
at org.testng.internal.TestInvoker.invokeTestMethod(TestInvoker.java:173)
at org.testng.internal.MethodRunner.runInSequence(MethodRunner.java:46)
at org.testng.internal.TestInvoker$MethodInvocationAgent.invoke(TestInvoker.java:816)
at org.testng.internal.TestInvoker.invokeTestMethods(TestInvoker.java:146)
at org.testng.internal.TestMethodWorker.invokeTestMethods(TestMethodWorker.java:146)
at org.testng.internal.TestMethodWorker.run(TestMethodWorker.java:128)
at java.util.ArrayList.forEach(ArrayList.java:1257)
at org.testng.TestRunner.privateRun(TestRunner.java:766)
at org.testng.TestRunner.run(TestRunner.java:587)
at org.testng.SuiteRunner.runTest(SuiteRunner.java:384)
at org.testng.SuiteRunner.runSequentially(SuiteRunner.java:378)
at org.testng.SuiteRunner.privateRun(SuiteRunner.java:337)
at org.testng.SuiteRunner.run(SuiteRunner.java:286)
at org.testng.SuiteRunnerWorker.runSuite(SuiteRunnerWorker.java:53)
at org.testng.SuiteRunnerWorker.run(SuiteRunnerWorker.java:96)
at org.testng.TestNG.runSuitesSequentially(TestNG.java:1187)
at org.testng.TestNG.runSuitesLocally(TestNG.java:1109)
at org.testng.TestNG.runSuites(TestNG.java:1039)
at org.testng.TestNG.run(TestNG.java:1007)
at org.testng.remote.AbstractRemoteTestNG.run(AbstractRemoteTestNG.java:115)
at org.testng.remote.RemoteTestNG.initAndRun(RemoteTestNG.java:251)
at org.testng.remote.RemoteTestNG.main(RemoteTestNG.java:77)
]]>
            </full-stacktrace>
          </exception> <!-- java.lang.AssertionError -->
          <reporter-output>
          </reporter-output>
        </test-method> <!-- checkstatusLine -->
        <test-method status="PASS" signature="tearDown()[pri:0, instance:com.sdetrestapi.employee.testCases.TC002_GET_SINGEL_EMPLOYEE@11438d26]" name="tearDown" is-config="true" duration-ms="0" started-at="2020-05-06T00:59:27 IST" finished-at="2020-05-06T00:59:27 IST">
          <reporter-output>
          </reporter-output>
        </test-method> <!-- tearDown -->
      </class> <!-- com.sdetrestapi.employee.testCases.TC002_GET_SINGEL_EMPLOYEE -->
      <class name="com.sdetrestapi.employee.testCases.TC004_PUT_EMPLOYEE_RECORD">
        <test-method status="PASS" signature="setup()[pri:0, instance:com.sdetrestapi.employee.testCases.TC004_PUT_EMPLOYEE_RECORD@7a1ebcd8]" name="setup" is-config="true" duration-ms="6" started-at="2020-05-06T00:59:33 IST" finished-at="2020-05-06T00:59:33 IST">
          <reporter-output>
          </reporter-output>
        </test-method> <!-- setup -->
        <test-method status="PASS" signature="updateEmployee()[pri:0, instance:com.sdetrestapi.employee.testCases.TC004_PUT_EMPLOYEE_RECORD@7a1ebcd8]" name="updateEmployee" is-config="true" duration-ms="6228" started-at="2020-05-06T00:59:33 IST" finished-at="2020-05-06T00:59:39 IST">
          <reporter-output>
          </reporter-output>
        </test-method> <!-- updateEmployee -->
        <test-method status="PASS" signature="checkContentType()[pri:0, instance:com.sdetrestapi.employee.testCases.TC004_PUT_EMPLOYEE_RECORD@7a1ebcd8]" name="checkContentType" duration-ms="2" started-at="2020-05-06T00:59:39 IST" finished-at="2020-05-06T00:59:39 IST">
          <reporter-output>
          </reporter-output>
        </test-method> <!-- checkContentType -->
        <test-method status="FAIL" signature="checkResponseBody()[pri:0, instance:com.sdetrestapi.employee.testCases.TC004_PUT_EMPLOYEE_RECORD@7a1ebcd8]" name="checkResponseBody" duration-ms="2" started-at="2020-05-06T00:59:39 IST" finished-at="2020-05-06T00:59:39 IST">
          <exception class="java.lang.AssertionError">
            <message>
              <![CDATA[expected [true] but found [false]]]>
            </message>
            <full-stacktrace>
              <![CDATA[java.lang.AssertionError: expected [true] but found [false]
at org.testng.Assert.fail(Assert.java:97)
at org.testng.Assert.assertEqualsImpl(Assert.java:136)
at org.testng.Assert.assertEquals(Assert.java:118)
at org.testng.Assert.assertEquals(Assert.java:751)
at org.testng.Assert.assertEquals(Assert.java:761)
at com.sdetrestapi.employee.testCases.TC004_PUT_EMPLOYEE_RECORD.checkResponseBody(TC004_PUT_EMPLOYEE_RECORD.java:59)
at sun.reflect.NativeMethodAccessorImpl.invoke0(Native Method)
at sun.reflect.NativeMethodAccessorImpl.invoke(NativeMethodAccessorImpl.java:62)
at sun.reflect.DelegatingMethodAccessorImpl.invoke(DelegatingMethodAccessorImpl.java:43)
at java.lang.reflect.Method.invoke(Method.java:498)
at org.testng.internal.MethodInvocationHelper.invokeMethod(MethodInvocationHelper.java:134)
at org.testng.internal.TestInvoker.invokeMethod(TestInvoker.java:597)
at org.testng.internal.TestInvoker.invokeTestMethod(TestInvoker.java:173)
at org.testng.internal.MethodRunner.runInSequence(MethodRunner.java:46)
at org.testng.internal.TestInvoker$MethodInvocationAgent.invoke(TestInvoker.java:816)
at org.testng.internal.TestInvoker.invokeTestMethods(TestInvoker.java:146)
at org.testng.internal.TestMethodWorker.invokeTestMethods(TestMethodWorker.java:146)
at org.testng.internal.TestMethodWorker.run(TestMethodWorker.java:128)
at java.util.ArrayList.forEach(ArrayList.java:1257)
at org.testng.TestRunner.privateRun(TestRunner.java:766)
at org.testng.TestRunner.run(TestRunner.java:587)
at org.testng.SuiteRunner.runTest(SuiteRunner.java:384)
at org.testng.SuiteRunner.runSequentially(SuiteRunner.java:378)
at org.testng.SuiteRunner.privateRun(SuiteRunner.java:337)
at org.testng.SuiteRunner.run(SuiteRunner.java:286)
at org.testng.SuiteRunnerWorker.runSuite(SuiteRunnerWorker.java:53)
at org.testng.SuiteRunnerWorker.run(SuiteRunnerWorker.java:96)
at org.testng.TestNG.runSuitesSequentially(TestNG.java:1187)
at org.testng.TestNG.runSuitesLocally(TestNG.java:1109)
at org.testng.TestNG.runSuites(TestNG.java:1039)
at org.testng.TestNG.run(TestNG.java:1007)
at org.testng.remote.AbstractRemoteTestNG.run(AbstractRemoteTestNG.java:115)
at org.testng.remote.RemoteTestNG.initAndRun(RemoteTestNG.java:251)
at org.testng.remote.RemoteTestNG.main(RemoteTestNG.java:77)
]]>
            </full-stacktrace>
          </exception> <!-- java.lang.AssertionError -->
          <reporter-output>
          </reporter-output>
        </test-method> <!-- checkResponseBody -->
        <test-method status="PASS" signature="checkServerType()[pri:0, instance:com.sdetrestapi.employee.testCases.TC004_PUT_EMPLOYEE_RECORD@7a1ebcd8]" name="checkServerType" duration-ms="6" started-at="2020-05-06T00:59:39 IST" finished-at="2020-05-06T00:59:39 IST">
          <reporter-output>
          </reporter-output>
        </test-method> <!-- checkServerType -->
        <test-method status="PASS" signature="checkStatusCode()[pri:0, instance:com.sdetrestapi.employee.testCases.TC004_PUT_EMPLOYEE_RECORD@7a1ebcd8]" name="checkStatusCode" duration-ms="2" started-at="2020-05-06T00:59:39 IST" finished-at="2020-05-06T00:59:39 IST">
          <reporter-output>
          </reporter-output>
        </test-method> <!-- checkStatusCode -->
        <test-method status="PASS" signature="checkStatusLine()[pri:0, instance:com.sdetrestapi.employee.testCases.TC004_PUT_EMPLOYEE_RECORD@7a1ebcd8]" name="checkStatusLine" duration-ms="1" started-at="2020-05-06T00:59:39 IST" finished-at="2020-05-06T00:59:39 IST">
          <reporter-output>
          </reporter-output>
        </test-method> <!-- checkStatusLine -->
        <test-method status="PASS" signature="tearDown()[pri:0, instance:com.sdetrestapi.employee.testCases.TC004_PUT_EMPLOYEE_RECORD@7a1ebcd8]" name="tearDown" is-config="true" duration-ms="2" started-at="2020-05-06T00:59:39 IST" finished-at="2020-05-06T00:59:39 IST">
          <reporter-output>
          </reporter-output>
        </test-method> <!-- tearDown -->
      </class> <!-- com.sdetrestapi.employee.testCases.TC004_PUT_EMPLOYEE_RECORD -->
      <class name="com.sdetrestapi.employee.testCases.TC005_DELETE_EMPLOYEE_RECORD">
        <test-method status="PASS" signature="setup()[pri:0, instance:com.sdetrestapi.employee.testCases.TC005_DELETE_EMPLOYEE_RECORD@5faeada1]" name="setup" is-config="true" duration-ms="5" started-at="2020-05-06T00:59:39 IST" finished-at="2020-05-06T00:59:39 IST">
          <reporter-output>
          </reporter-output>
        </test-method> <!-- setup -->
        <test-method status="PASS" signature="deleteEmployee()[pri:0, instance:com.sdetrestapi.employee.testCases.TC005_DELETE_EMPLOYEE_RECORD@5faeada1]" name="deleteEmployee" is-config="true" duration-ms="2796" started-at="2020-05-06T00:59:39 IST" finished-at="2020-05-06T00:59:42 IST">
          <reporter-output>
          </reporter-output>
        </test-method> <!-- deleteEmployee -->
        <test-method status="PASS" signature="checkContentType()[pri:0, instance:com.sdetrestapi.employee.testCases.TC005_DELETE_EMPLOYEE_RECORD@5faeada1]" name="checkContentType" duration-ms="1" started-at="2020-05-06T00:59:42 IST" finished-at="2020-05-06T00:59:42 IST">
          <reporter-output>
          </reporter-output>
        </test-method> <!-- checkContentType -->
        <test-method status="FAIL" signature="checkResponseBody()[pri:0, instance:com.sdetrestapi.employee.testCases.TC005_DELETE_EMPLOYEE_RECORD@5faeada1]" name="checkResponseBody" duration-ms="2" started-at="2020-05-06T00:59:42 IST" finished-at="2020-05-06T00:59:42 IST">
          <exception class="java.lang.AssertionError">
            <message>
              <![CDATA[expected [true] but found [false]]]>
            </message>
            <full-stacktrace>
              <![CDATA[java.lang.AssertionError: expected [true] but found [false]
at org.testng.Assert.fail(Assert.java:97)
at org.testng.Assert.assertEqualsImpl(Assert.java:136)
at org.testng.Assert.assertEquals(Assert.java:118)
at org.testng.Assert.assertEquals(Assert.java:751)
at org.testng.Assert.assertEquals(Assert.java:761)
at com.sdetrestapi.employee.testCases.TC005_DELETE_EMPLOYEE_RECORD.checkResponseBody(TC005_DELETE_EMPLOYEE_RECORD.java:58)
at sun.reflect.NativeMethodAccessorImpl.invoke0(Native Method)
at sun.reflect.NativeMethodAccessorImpl.invoke(NativeMethodAccessorImpl.java:62)
at sun.reflect.DelegatingMethodAccessorImpl.invoke(DelegatingMethodAccessorImpl.java:43)
at java.lang.reflect.Method.invoke(Method.java:498)
at org.testng.internal.MethodInvocationHelper.invokeMethod(MethodInvocationHelper.java:134)
at org.testng.internal.TestInvoker.invokeMethod(TestInvoker.java:597)
at org.testng.internal.TestInvoker.invokeTestMethod(TestInvoker.java:173)
at org.testng.internal.MethodRunner.runInSequence(MethodRunner.java:46)
at org.testng.internal.TestInvoker$MethodInvocationAgent.invoke(TestInvoker.java:816)
at org.testng.internal.TestInvoker.invokeTestMethods(TestInvoker.java:146)
at org.testng.internal.TestMethodWorker.invokeTestMethods(TestMethodWorker.java:146)
at org.testng.internal.TestMethodWorker.run(TestMethodWorker.java:128)
at java.util.ArrayList.forEach(ArrayList.java:1257)
at org.testng.TestRunner.privateRun(TestRunner.java:766)
at org.testng.TestRunner.run(TestRunner.java:587)
at org.testng.SuiteRunner.runTest(SuiteRunner.java:384)
at org.testng.SuiteRunner.runSequentially(SuiteRunner.java:378)
at org.testng.SuiteRunner.privateRun(SuiteRunner.java:337)
at org.testng.SuiteRunner.run(SuiteRunner.java:286)
at org.testng.SuiteRunnerWorker.runSuite(SuiteRunnerWorker.java:53)
at org.testng.SuiteRunnerWorker.run(SuiteRunnerWorker.java:96)
at org.testng.TestNG.runSuitesSequentially(TestNG.java:1187)
at org.testng.TestNG.runSuitesLocally(TestNG.java:1109)
at org.testng.TestNG.runSuites(TestNG.java:1039)
at org.testng.TestNG.run(TestNG.java:1007)
at org.testng.remote.AbstractRemoteTestNG.run(AbstractRemoteTestNG.java:115)
at org.testng.remote.RemoteTestNG.initAndRun(RemoteTestNG.java:251)
at org.testng.remote.RemoteTestNG.main(RemoteTestNG.java:77)
]]>
            </full-stacktrace>
          </exception> <!-- java.lang.AssertionError -->
          <reporter-output>
          </reporter-output>
        </test-method> <!-- checkResponseBody -->
        <test-method status="PASS" signature="checkServerType()[pri:0, instance:com.sdetrestapi.employee.testCases.TC005_DELETE_EMPLOYEE_RECORD@5faeada1]" name="checkServerType" duration-ms="1" started-at="2020-05-06T00:59:42 IST" finished-at="2020-05-06T00:59:42 IST">
          <reporter-output>
          </reporter-output>
        </test-method> <!-- checkServerType -->
        <test-method status="PASS" signature="checkStatusCode()[pri:0, instance:com.sdetrestapi.employee.testCases.TC005_DELETE_EMPLOYEE_RECORD@5faeada1]" name="checkStatusCode" duration-ms="2" started-at="2020-05-06T00:59:42 IST" finished-at="2020-05-06T00:59:42 IST">
          <reporter-output>
          </reporter-output>
        </test-method> <!-- checkStatusCode -->
        <test-method status="PASS" signature="checkStatusLine()[pri:0, instance:com.sdetrestapi.employee.testCases.TC005_DELETE_EMPLOYEE_RECORD@5faeada1]" name="checkStatusLine" duration-ms="4" started-at="2020-05-06T00:59:42 IST" finished-at="2020-05-06T00:59:42 IST">
          <reporter-output>
          </reporter-output>
        </test-method> <!-- checkStatusLine -->
        <test-method status="PASS" signature="tearDown()[pri:0, instance:com.sdetrestapi.employee.testCases.TC005_DELETE_EMPLOYEE_RECORD@5faeada1]" name="tearDown" is-config="true" duration-ms="0" started-at="2020-05-06T00:59:42 IST" finished-at="2020-05-06T00:59:42 IST">
          <reporter-output>
          </reporter-output>
        </test-method> <!-- tearDown -->
      </class> <!-- com.sdetrestapi.employee.testCases.TC005_DELETE_EMPLOYEE_RECORD -->
      <class name="com.sdetrestapi.employee.testCases.TC001_GET_All_EMPLOYEEE">
        <test-method status="PASS" signature="setup()[pri:0, instance:com.sdetrestapi.employee.testCases.TC001_GET_All_EMPLOYEEE@458c1321]" name="setup" is-config="true" duration-ms="149" started-at="2020-05-06T00:59:21 IST" finished-at="2020-05-06T00:59:21 IST">
          <reporter-output>
          </reporter-output>
        </test-method> <!-- setup -->
        <test-method status="PASS" signature="getAllEmployee()[pri:0, instance:com.sdetrestapi.employee.testCases.TC001_GET_All_EMPLOYEEE@458c1321]" name="getAllEmployee" is-config="true" duration-ms="4351" started-at="2020-05-06T00:59:21 IST" finished-at="2020-05-06T00:59:25 IST">
          <reporter-output>
          </reporter-output>
        </test-method> <!-- getAllEmployee -->
        <test-method status="PASS" signature="checkContentType()[pri:0, instance:com.sdetrestapi.employee.testCases.TC001_GET_All_EMPLOYEEE@458c1321]" name="checkContentType" duration-ms="14" started-at="2020-05-06T00:59:25 IST" finished-at="2020-05-06T00:59:25 IST">
          <reporter-output>
          </reporter-output>
        </test-method> <!-- checkContentType -->
        <test-method status="PASS" signature="checkCookies()[pri:0, instance:com.sdetrestapi.employee.testCases.TC001_GET_All_EMPLOYEEE@458c1321]" name="checkCookies" duration-ms="3" started-at="2020-05-06T00:59:25 IST" finished-at="2020-05-06T00:59:25 IST">
          <reporter-output>
          </reporter-output>
        </test-method> <!-- checkCookies -->
        <test-method status="PASS" signature="checkResponseBody()[pri:0, instance:com.sdetrestapi.employee.testCases.TC001_GET_All_EMPLOYEEE@458c1321]" name="checkResponseBody" duration-ms="96" started-at="2020-05-06T00:59:25 IST" finished-at="2020-05-06T00:59:26 IST">
          <reporter-output>
          </reporter-output>
        </test-method> <!-- checkResponseBody -->
        <test-method status="PASS" signature="checkResponseTime()[pri:0, instance:com.sdetrestapi.employee.testCases.TC001_GET_All_EMPLOYEEE@458c1321]" name="checkResponseTime" duration-ms="8" started-at="2020-05-06T00:59:26 IST" finished-at="2020-05-06T00:59:26 IST">
          <reporter-output>
          </reporter-output>
        </test-method> <!-- checkResponseTime -->
        <test-method status="PASS" signature="checkServerType()[pri:0, instance:com.sdetrestapi.employee.testCases.TC001_GET_All_EMPLOYEEE@458c1321]" name="checkServerType" duration-ms="4" started-at="2020-05-06T00:59:26 IST" finished-at="2020-05-06T00:59:26 IST">
          <reporter-output>
          </reporter-output>
        </test-method> <!-- checkServerType -->
        <test-method status="PASS" signature="checkStatusCode()[pri:0, instance:com.sdetrestapi.employee.testCases.TC001_GET_All_EMPLOYEEE@458c1321]" name="checkStatusCode" duration-ms="5" started-at="2020-05-06T00:59:26 IST" finished-at="2020-05-06T00:59:26 IST">
          <reporter-output>
          </reporter-output>
        </test-method> <!-- checkStatusCode -->
        <test-method status="PASS" signature="checkcontentEncoding()[pri:0, instance:com.sdetrestapi.employee.testCases.TC001_GET_All_EMPLOYEEE@458c1321]" name="checkcontentEncoding" duration-ms="3" started-at="2020-05-06T00:59:26 IST" finished-at="2020-05-06T00:59:26 IST">
          <reporter-output>
          </reporter-output>
        </test-method> <!-- checkcontentEncoding -->
        <test-method status="PASS" signature="checkcontentLenght()[pri:0, instance:com.sdetrestapi.employee.testCases.TC001_GET_All_EMPLOYEEE@458c1321]" name="checkcontentLenght" duration-ms="5" started-at="2020-05-06T00:59:26 IST" finished-at="2020-05-06T00:59:26 IST">
          <reporter-output>
          </reporter-output>
        </test-method> <!-- checkcontentLenght -->
        <test-method status="PASS" signature="checkstatusLine()[pri:0, instance:com.sdetrestapi.employee.testCases.TC001_GET_All_EMPLOYEEE@458c1321]" name="checkstatusLine" duration-ms="1" started-at="2020-05-06T00:59:26 IST" finished-at="2020-05-06T00:59:26 IST">
          <reporter-output>
          </reporter-output>
        </test-method> <!-- checkstatusLine -->
        <test-method status="PASS" signature="tearDown()[pri:0, instance:com.sdetrestapi.employee.testCases.TC001_GET_All_EMPLOYEEE@458c1321]" name="tearDown" is-config="true" duration-ms="0" started-at="2020-05-06T00:59:26 IST" finished-at="2020-05-06T00:59:26 IST">
          <reporter-output>
          </reporter-output>
        </test-method> <!-- tearDown -->
      </class> <!-- com.sdetrestapi.employee.testCases.TC001_GET_All_EMPLOYEEE -->
    </test> <!-- EmployeesRestApiTest -->
  </suite> <!-- restassuredtestsuite -->
</testng-results>
